RUN	addressdb.AddressDbSimulation	addressdbsimulation	1714161236957	test	3.9.0
USER	Testing addresses	START	1714161245107
REQUEST		Get All Addresses	1714161245103	1714161245117	OK	 
USER	Testing addresses	START	1714161246084
REQUEST		Get All Addresses	1714161246083	1714161246094	OK	 
REQUEST		Get Address by postal code	1714161247125	1714161247132	OK	 
USER	Testing addresses	END	1714161247135
USER	Testing addresses	START	1714161248083
REQUEST		Get All Addresses	1714161248083	1714161248092	OK	 
REQUEST		Get Address by postal code	1714161248096	1714161248101	OK	 
USER	Testing addresses	END	1714161248102
USER	Testing addresses	START	1714161249084
REQUEST		Get All Addresses	1714161249083	1714161249091	OK	 
REQUEST		Get Address by postal code	1714161250094	1714161250100	OK	 
USER	Testing addresses	END	1714161250101
USER	Testing addresses	START	1714161251084
REQUEST		Get All Addresses	1714161251083	1714161251093	OK	 
REQUEST		Get Address by postal code	1714161251094	1714161251098	OK	 
USER	Testing addresses	END	1714161251099
USER	Testing addresses	START	1714161252085
REQUEST		Get All Addresses	1714161252083	1714161252094	OK	 
REQUEST		Get Address by postal code	1714161253095	1714161253101	OK	 
USER	Testing addresses	END	1714161253102
USER	Testing addresses	START	1714161254088
REQUEST		Get All Addresses	1714161254085	1714161254098	OK	 
REQUEST		Get Address by postal code	1714161254097	1714161254102	OK	 
USER	Testing addresses	END	1714161254103
USER	Testing addresses	START	1714161255087
REQUEST		Get All Addresses	1714161255085	1714161255097	OK	 
REQUEST		Get Address by postal code	1714161256100	1714161256107	OK	 
USER	Testing addresses	END	1714161256108
USER	Testing addresses	START	1714161257088
REQUEST		Get All Addresses	1714161257086	1714161257097	OK	 
REQUEST		Get Address by postal code	1714161257099	1714161257104	OK	 
USER	Testing addresses	END	1714161257104
USER	Testing addresses	START	1714161258087
REQUEST		Get All Addresses	1714161258085	1714161258096	OK	 
REQUEST		Get Address by postal code	1714161259099	1714161259109	OK	 
USER	Testing addresses	END	1714161259110
REQUEST		Get Address by postal code	1714161260101	1714161260110	OK	 
USER	Testing addresses	END	1714161260111
