RUN	orderdb.OrderDbSimulation	orderdbsimulation	1714235124901	order test	3.9.0
USER	Testing orders	START	1714235132687
REQUEST		Get All Orders	1714235132682	1714235132790	OK	 
USER	Testing orders	START	1714235133657
REQUEST		Get All Orders	1714235133657	1714235133662	OK	 
REQUEST		Get Order Detail	1714235134800	1714235134888	OK	 
USER	Testing orders	END	1714235134889
USER	Testing orders	START	1714235135661
REQUEST		Get All Orders	1714235135659	1714235135671	OK	 
REQUEST		Get Order Detail	1714235135664	1714235135678	OK	 
USER	Testing orders	END	1714235135679
USER	Testing orders	START	1714235136661
REQUEST		Get All Orders	1714235136659	1714235136671	OK	 
REQUEST		Get Order Detail	1714235137674	1714235137690	OK	 
USER	Testing orders	END	1714235137691
USER	Testing orders	START	1714235138658
REQUEST		Get All Orders	1714235138657	1714235138668	OK	 
REQUEST		Get Order Detail	1714235138673	1714235138685	OK	 
USER	Testing orders	END	1714235138685
USER	Testing orders	START	1714235139658
REQUEST		Get All Orders	1714235139657	1714235139668	OK	 
REQUEST		Get Order Detail	1714235140670	1714235140681	OK	 
USER	Testing orders	END	1714235140681
USER	Testing orders	START	1714235141656
REQUEST		Get All Orders	1714235141656	1714235141660	OK	 
REQUEST		Get Order Detail	1714235141670	1714235141676	OK	 
USER	Testing orders	END	1714235141676
USER	Testing orders	START	1714235142658
REQUEST		Get All Orders	1714235142657	1714235142667	OK	 
REQUEST		Get Order Detail	1714235143661	1714235143669	OK	 
USER	Testing orders	END	1714235143669
USER	Testing orders	START	1714235144657
REQUEST		Get All Orders	1714235144657	1714235144666	OK	 
REQUEST		Get Order Detail	1714235144669	1714235144680	OK	 
USER	Testing orders	END	1714235144681
USER	Testing orders	START	1714235145658
REQUEST		Get All Orders	1714235145657	1714235145666	OK	 
REQUEST		Get Order Detail	1714235146667	1714235146680	OK	 
USER	Testing orders	END	1714235146681
REQUEST		Get Order Detail	1714235147668	1714235147679	OK	 
USER	Testing orders	END	1714235147680
