RUN	addressdb.AddressDbSimulation	addressdbsimulation	1714235059068	address test	3.9.0
USER	Testing addresses	START	1714235069919
REQUEST		Get All Addresses	1714235069913	1714235070026	OK	 
USER	Testing addresses	START	1714235070887
REQUEST		Get All Addresses	1714235070885	1714235070898	OK	 
REQUEST		Get Address by postal code	1714235072035	1714235072073	OK	 
USER	Testing addresses	END	1714235072074
USER	Testing addresses	START	1714235072888
REQUEST		Get All Addresses	1714235072885	1714235072897	OK	 
REQUEST		Get Address by postal code	1714235072900	1714235072903	OK	 
USER	Testing addresses	END	1714235072904
USER	Testing addresses	START	1714235073886
REQUEST		Get All Addresses	1714235073884	1714235073896	OK	 
REQUEST		Get Address by postal code	1714235074900	1714235074908	OK	 
USER	Testing addresses	END	1714235074909
USER	Testing addresses	START	1714235075886
REQUEST		Get All Addresses	1714235075885	1714235075896	OK	 
REQUEST		Get Address by postal code	1714235075899	1714235075903	OK	 
USER	Testing addresses	END	1714235075904
USER	Testing addresses	START	1714235076887
REQUEST		Get All Addresses	1714235076885	1714235076897	OK	 
REQUEST		Get Address by postal code	1714235077900	1714235077909	OK	 
USER	Testing addresses	END	1714235077910
USER	Testing addresses	START	1714235078888
REQUEST		Get All Addresses	1714235078885	1714235078897	OK	 
REQUEST		Get Address by postal code	1714235078900	1714235078904	OK	 
USER	Testing addresses	END	1714235078904
USER	Testing addresses	START	1714235079887
REQUEST		Get All Addresses	1714235079885	1714235079897	OK	 
REQUEST		Get Address by postal code	1714235080898	1714235080905	OK	 
USER	Testing addresses	END	1714235080906
USER	Testing addresses	START	1714235081884
REQUEST		Get All Addresses	1714235081883	1714235081891	OK	 
REQUEST		Get Address by postal code	1714235081899	1714235081902	OK	 
USER	Testing addresses	END	1714235081902
USER	Testing addresses	START	1714235082884
REQUEST		Get All Addresses	1714235082883	1714235082891	OK	 
REQUEST		Get Address by postal code	1714235083894	1714235083905	OK	 
USER	Testing addresses	END	1714235083906
REQUEST		Get Address by postal code	1714235084893	1714235084896	OK	 
USER	Testing addresses	END	1714235084897
