RUN	computerdatabase.ComputerDatabaseSimulation	computerdatabasesimulation	1714153541656	test	3.9.0
USER	Admins	START	1714153546163
USER	Users	START	1714153546163
REQUEST		Home	1714153546160	1714153546739	OK	 
REQUEST		Home	1714153546160	1714153546754	OK	 
REQUEST		Home Redirect 1	1714153546754	1714153546956	OK	 
REQUEST		Home Redirect 1	1714153546748	1714153546949	OK	 
USER	Users	START	1714153547149
REQUEST		Home	1714153547148	1714153547745	OK	 
REQUEST		Home Redirect 1	1714153547747	1714153547953	OK	 
USER	Users	START	1714153548150
REQUEST		Search	1714153547970	1714153548171	OK	 
REQUEST		Search	1714153547970	1714153548163	OK	 
REQUEST		Home	1714153548148	1714153548724	OK	 
REQUEST		Home Redirect 1	1714153548726	1714153548974	OK	 
USER	Users	START	1714153549146
REQUEST		Search	1714153548958	1714153549165	OK	 
REQUEST		Select	1714153549220	1714153549419	OK	 
REQUEST		Select	1714153549220	1714153549424	OK	 
REQUEST		Home	1714153549145	1714153549708	OK	 
REQUEST		Home Redirect 1	1714153549708	1714153549894	OK	 
USER	Users	START	1714153550146
REQUEST		Search	1714153549977	1714153550166	OK	 
REQUEST		Select	1714153550168	1714153550369	OK	 
REQUEST		Page 0	1714153550425	1714153550619	OK	 
REQUEST		Page 0	1714153550426	1714153550628	OK	 
REQUEST		Home	1714153550145	1714153550719	OK	 
REQUEST		Home Redirect 1	1714153550720	1714153550917	OK	 
REQUEST		Search	1714153550897	1714153551082	OK	 
USER	Users	START	1714153551145
USER	Admins	START	1714153551145
REQUEST		Select	1714153551169	1714153551362	OK	 
REQUEST		Page 0	1714153551370	1714153551593	OK	 
REQUEST		Home	1714153551145	1714153551811	OK	 
REQUEST		Home	1714153551145	1714153551811	OK	 
REQUEST		Page 1	1714153551630	1714153551894	OK	 
REQUEST		Page 1	1714153551622	1714153551894	OK	 
REQUEST		Home Redirect 1	1714153551811	1714153552020	OK	 
REQUEST		Home Redirect 1	1714153551811	1714153552044	OK	 
REQUEST		Search	1714153551919	1714153552117	OK	 
USER	Users	START	1714153552146
REQUEST		Select	1714153552084	1714153552324	OK	 
REQUEST		Page 0	1714153552366	1714153552556	OK	 
REQUEST		Home	1714153552145	1714153552758	OK	 
REQUEST		Page 1	1714153552594	1714153552791	OK	 
REQUEST		Home Redirect 1	1714153552758	1714153552955	OK	 
REQUEST		Page 2	1714153552896	1714153553090	OK	 
REQUEST		Page 2	1714153552896	1714153553093	OK	 
USER	Users	START	1714153553146
REQUEST		Search	1714153553022	1714153553211	OK	 
REQUEST		Search	1714153553046	1714153553233	OK	 
REQUEST		Select	1714153553120	1714153553311	OK	 
REQUEST		Page 0	1714153553328	1714153553525	OK	 
REQUEST		Home	1714153553145	1714153553768	OK	 
REQUEST		Page 1	1714153553559	1714153553769	OK	 
REQUEST		Home Redirect 1	1714153553769	1714153553964	OK	 
REQUEST		Page 2	1714153553794	1714153554030	OK	 
USER	Users	START	1714153554149
REQUEST		Search	1714153553957	1714153554173	OK	 
REQUEST		Page 3	1714153554094	1714153554297	OK	 
REQUEST		Page 3	1714153554092	1714153554299	OK	 
REQUEST		Select	1714153554215	1714153554458	OK	 
REQUEST		Page 0	1714153554313	1714153554611	OK	 
REQUEST		Page 1	1714153554528	1714153554730	OK	 
REQUEST		Home	1714153554147	1714153554836	OK	 
REQUEST		Page 2	1714153554773	1714153554971	OK	 
REQUEST		Home Redirect 1	1714153554837	1714153555035	OK	 
USER	Users	START	1714153555149
REQUEST		Search	1714153554967	1714153555161	OK	 
REQUEST		Page 3	1714153555033	1714153555231	OK	 
USER	Users	END	1714153555304
REQUEST		Select	1714153555179	1714153555376	OK	 
REQUEST		Form	1714153555301	1714153555496	OK	 
REQUEST		Select	1714153554236	1714153555559	OK	 
REQUEST		Page 0	1714153555461	1714153555651	OK	 
REQUEST		Home	1714153555148	1714153555732	OK	 
REQUEST		Page 1	1714153555614	1714153555801	OK	 
REQUEST		Page 2	1714153555732	1714153555922	OK	 
REQUEST		Home Redirect 1	1714153555733	1714153555930	OK	 
REQUEST		Page 3	1714153555973	1714153556187	OK	 
USER	Users	END	1714153556235
REQUEST		Search	1714153556037	1714153556242	OK	 
REQUEST		Select	1714153556165	1714153556366	OK	 
REQUEST		Page 0	1714153556378	1714153556586	OK	 
REQUEST		Post	1714153556500	1714153556698	OK	 
REQUEST		Page 0	1714153556560	1714153556785	OK	 
REQUEST		Page 1	1714153556653	1714153556843	OK	 
REQUEST		Post Redirect 1	1714153556706	1714153556906	OK	 
USER	Admins	END	1714153556913
REQUEST		Page 2	1714153556803	1714153556994	OK	 
REQUEST		Page 3	1714153556924	1714153557111	OK	 
REQUEST		Search	1714153556932	1714153557127	OK	 
USER	Users	END	1714153557194
REQUEST		Select	1714153557247	1714153557440	OK	 
REQUEST		Page 0	1714153557368	1714153557560	OK	 
REQUEST		Page 1	1714153557587	1714153557788	OK	 
REQUEST		Page 1	1714153557788	1714153557987	OK	 
REQUEST		Page 2	1714153557844	1714153558033	OK	 
USER	Users	END	1714153558114
REQUEST		Page 3	1714153557996	1714153558185	OK	 
REQUEST		Select	1714153558130	1714153558326	OK	 
REQUEST		Page 0	1714153558443	1714153558636	OK	 
REQUEST		Page 1	1714153558562	1714153558754	OK	 
REQUEST		Page 2	1714153558793	1714153558988	OK	 
USER	Users	END	1714153559187
REQUEST		Page 2	1714153558990	1714153559211	OK	 
REQUEST		Page 3	1714153559035	1714153559223	OK	 
REQUEST		Page 0	1714153559330	1714153559529	OK	 
REQUEST		Page 1	1714153559638	1714153559831	OK	 
REQUEST		Page 2	1714153559756	1714153559947	OK	 
REQUEST		Page 3	1714153559990	1714153560188	OK	 
USER	Users	END	1714153560226
REQUEST		Page 3	1714153560212	1714153560430	OK	 
REQUEST		Page 1	1714153560531	1714153560726	OK	 
REQUEST		Page 2	1714153560833	1714153561024	OK	 
REQUEST		Page 3	1714153560950	1714153561141	OK	 
USER	Users	END	1714153561190
REQUEST		Form	1714153561433	1714153561715	OK	 
REQUEST		Page 2	1714153561728	1714153561924	OK	 
USER	Users	END	1714153562143
REQUEST		Page 3	1714153562026	1714153562218	OK	 
REQUEST		Post	1714153562717	1714153562929	OK	 
REQUEST		Page 3	1714153562926	1714153563122	OK	 
REQUEST		Post Redirect 1	1714153562930	1714153563145	KO	status.find.is(201), but actually found 200
USER	Users	END	1714153563221
REQUEST		Form	1714153563148	1714153563350	OK	 
USER	Users	END	1714153564124
REQUEST		Post	1714153564352	1714153564542	OK	 
REQUEST		Post Redirect 1	1714153564542	1714153569228	KO	status.find.is(201), but actually found 200
USER	Admins	END	1714153569231
