RUN	orderdb.OrderDbSimulation	orderdbsimulation	1714193617218	test	3.9.0
USER	Testing orders	START	1714193623467
REQUEST		Get All Orders	1714193623463	1714193623552	OK	 
USER	Testing orders	START	1714193624447
REQUEST		Get All Orders	1714193624444	1714193624459	OK	 
REQUEST		Get Order Detail	1714193625562	1714193625638	OK	 
USER	Testing orders	END	1714193625639
USER	Testing orders	START	1714193626446
REQUEST		Get All Orders	1714193626443	1714193626456	OK	 
REQUEST		Get Order Detail	1714193626461	1714193626473	OK	 
USER	Testing orders	END	1714193626474
USER	Testing orders	START	1714193627446
REQUEST		Get All Orders	1714193627444	1714193627457	OK	 
REQUEST		Get Order Detail	1714193628458	1714193628470	OK	 
USER	Testing orders	END	1714193628471
USER	Testing orders	START	1714193629442
REQUEST		Get All Orders	1714193629441	1714193629445	OK	 
REQUEST		Get Order Detail	1714193629458	1714193629464	OK	 
USER	Testing orders	END	1714193629464
USER	Testing orders	START	1714193630443
REQUEST		Get All Orders	1714193630442	1714193630452	OK	 
REQUEST		Get Order Detail	1714193631448	1714193631466	OK	 
USER	Testing orders	END	1714193631467
USER	Testing orders	START	1714193632446
REQUEST		Get All Orders	1714193632445	1714193632456	OK	 
REQUEST		Get Order Detail	1714193632455	1714193632468	OK	 
USER	Testing orders	END	1714193632468
USER	Testing orders	START	1714193633442
REQUEST		Get All Orders	1714193633441	1714193633449	OK	 
REQUEST		Get Order Detail	1714193634458	1714193634474	OK	 
USER	Testing orders	END	1714193634475
USER	Testing orders	START	1714193635446
REQUEST		Get All Orders	1714193635444	1714193635456	OK	 
REQUEST		Get Order Detail	1714193635451	1714193635465	OK	 
USER	Testing orders	END	1714193635466
USER	Testing orders	START	1714193636446
REQUEST		Get All Orders	1714193636444	1714193636456	OK	 
REQUEST		Get Order Detail	1714193637459	1714193637477	OK	 
USER	Testing orders	END	1714193637478
REQUEST		Get Order Detail	1714193638460	1714193638478	OK	 
USER	Testing orders	END	1714193638479
