RUN	orderdb.OrderDbSimulation	orderdbsimulation	1714161271233	test	3.9.0
USER	Testing addresses	START	1714161277658
REQUEST		Get All Orders	1714161277653	1714161277670	OK	 
USER	Testing addresses	START	1714161278626
REQUEST		Get All Orders	1714161278624	1714161278636	OK	 
REQUEST		Get Address by postal code	1714161279680	1714161279695	OK	 
USER	Testing addresses	END	1714161279696
USER	Testing addresses	START	1714161280626
REQUEST		Get All Orders	1714161280624	1714161280635	OK	 
REQUEST		Get Address by postal code	1714161280639	1714161280650	OK	 
USER	Testing addresses	END	1714161280651
USER	Testing addresses	START	1714161281627
REQUEST		Get All Orders	1714161281625	1714161281638	OK	 
REQUEST		Get Address by postal code	1714161282638	1714161282655	OK	 
USER	Testing addresses	END	1714161282656
USER	Testing addresses	START	1714161283628
REQUEST		Get All Orders	1714161283625	1714161283637	OK	 
REQUEST		Get Address by postal code	1714161283640	1714161283648	OK	 
USER	Testing addresses	END	1714161283648
USER	Testing addresses	START	1714161284627
REQUEST		Get All Orders	1714161284625	1714161284636	OK	 
REQUEST		Get Address by postal code	1714161285639	1714161285654	OK	 
USER	Testing addresses	END	1714161285654
USER	Testing addresses	START	1714161286626
REQUEST		Get All Orders	1714161286624	1714161286636	OK	 
REQUEST		Get Address by postal code	1714161286638	1714161286649	OK	 
USER	Testing addresses	END	1714161286650
USER	Testing addresses	START	1714161287627
REQUEST		Get All Orders	1714161287624	1714161287638	OK	 
REQUEST		Get Address by postal code	1714161288639	1714161288657	OK	 
USER	Testing addresses	END	1714161288658
USER	Testing addresses	START	1714161289626
REQUEST		Get All Orders	1714161289623	1714161289636	OK	 
REQUEST		Get Address by postal code	1714161289641	1714161289652	OK	 
USER	Testing addresses	END	1714161289653
USER	Testing addresses	START	1714161290626
REQUEST		Get All Orders	1714161290624	1714161290636	OK	 
REQUEST		Get Address by postal code	1714161291639	1714161291657	OK	 
USER	Testing addresses	END	1714161291658
REQUEST		Get Address by postal code	1714161292639	1714161292657	OK	 
USER	Testing addresses	END	1714161292658
