RUN	orderdb.OrderDbSimulation	orderdbsimulation	1714300575712	order test	3.9.0
USER	Testing orders	START	1714300584738
REQUEST		Get All Orders	1714300584733	1714300584852	OK	 
USER	Testing orders	START	1714300585708
REQUEST		Get All Orders	1714300585707	1714300585717	OK	 
REQUEST		Get Order Detail	1714300586861	1714300587033	OK	 
USER	Testing orders	END	1714300587034
USER	Testing orders	START	1714300587709
REQUEST		Get All Orders	1714300587707	1714300587719	OK	 
REQUEST		Get Order Detail	1714300587719	1714300587731	OK	 
USER	Testing orders	END	1714300587732
USER	Testing orders	START	1714300588708
REQUEST		Get All Orders	1714300588707	1714300588717	OK	 
REQUEST		Get Order Detail	1714300589721	1714300589736	OK	 
USER	Testing orders	END	1714300589737
USER	Testing orders	START	1714300590708
REQUEST		Get All Orders	1714300590707	1714300590716	OK	 
REQUEST		Get Order Detail	1714300590719	1714300590727	OK	 
USER	Testing orders	END	1714300590727
USER	Testing orders	START	1714300591708
REQUEST		Get All Orders	1714300591707	1714300591716	OK	 
REQUEST		Get Order Detail	1714300592718	1714300592732	OK	 
USER	Testing orders	END	1714300592733
USER	Testing orders	START	1714300593707
REQUEST		Get All Orders	1714300593706	1714300593715	OK	 
REQUEST		Get Order Detail	1714300593719	1714300593726	OK	 
USER	Testing orders	END	1714300593726
USER	Testing orders	START	1714300594708
REQUEST		Get All Orders	1714300594707	1714300594717	OK	 
REQUEST		Get Order Detail	1714300595718	1714300595730	OK	 
USER	Testing orders	END	1714300595731
USER	Testing orders	START	1714300596707
REQUEST		Get All Orders	1714300596706	1714300596714	OK	 
REQUEST		Get Order Detail	1714300596718	1714300596729	OK	 
USER	Testing orders	END	1714300596730
USER	Testing orders	START	1714300597707
REQUEST		Get All Orders	1714300597706	1714300597714	OK	 
REQUEST		Get Order Detail	1714300598716	1714300598723	OK	 
USER	Testing orders	END	1714300598724
REQUEST		Get Order Detail	1714300599717	1714300599724	OK	 
USER	Testing orders	END	1714300599724
