RUN	addressdb.AddressDbSimulation	addressdbsimulation	1714159655962	test	3.9.0
USER	Testing addresses	START	1714159663195
REQUEST		Get All Addresses	1714159663190	1714159663305	OK	 
USER	Testing addresses	START	1714159664166
REQUEST		Get All Addresses	1714159664165	1714159664177	OK	 
REQUEST		Get Address by postal code	1714159665314	1714159665354	OK	 
USER	Testing addresses	END	1714159665356
USER	Testing addresses	START	1714159666166
REQUEST		Get All Addresses	1714159666164	1714159666176	OK	 
REQUEST		Get Address by postal code	1714159666179	1714159666183	OK	 
USER	Testing addresses	END	1714159666184
USER	Testing addresses	START	1714159667168
REQUEST		Get All Addresses	1714159667165	1714159667178	OK	 
REQUEST		Get Address by postal code	1714159668179	1714159668189	OK	 
USER	Testing addresses	END	1714159668189
USER	Testing addresses	START	1714159669169
REQUEST		Get All Addresses	1714159669166	1714159669178	OK	 
REQUEST		Get Address by postal code	1714159669181	1714159669185	OK	 
USER	Testing addresses	END	1714159669186
USER	Testing addresses	START	1714159670168
REQUEST		Get All Addresses	1714159670165	1714159670177	OK	 
REQUEST		Get Address by postal code	1714159671181	1714159671189	OK	 
USER	Testing addresses	END	1714159671190
USER	Testing addresses	START	1714159672167
REQUEST		Get All Addresses	1714159672165	1714159672177	OK	 
REQUEST		Get Address by postal code	1714159672180	1714159672184	OK	 
USER	Testing addresses	END	1714159672184
USER	Testing addresses	START	1714159673168
REQUEST		Get All Addresses	1714159673166	1714159673178	OK	 
REQUEST		Get Address by postal code	1714159674179	1714159674186	OK	 
USER	Testing addresses	END	1714159674187
USER	Testing addresses	START	1714159675166
REQUEST		Get All Addresses	1714159675165	1714159675175	OK	 
REQUEST		Get Address by postal code	1714159675180	1714159675185	OK	 
USER	Testing addresses	END	1714159675186
USER	Testing addresses	START	1714159676168
REQUEST		Get All Addresses	1714159676166	1714159676177	OK	 
REQUEST		Get Address by postal code	1714159677180	1714159677190	OK	 
USER	Testing addresses	END	1714159677191
REQUEST		Get Address by postal code	1714159678181	1714159678189	OK	 
USER	Testing addresses	END	1714159678190
