RUN	addressdb.AddressDbSimulation	addressdbsimulation	1714193567965	test	3.9.0
USER	Testing addresses	START	1714193577240
REQUEST		Get All Addresses	1714193577236	1714193577339	OK	 
USER	Testing addresses	START	1714193578208
REQUEST		Get All Addresses	1714193578208	1714193578212	OK	 
REQUEST		Get Address by postal code	1714193579348	1714193579387	OK	 
USER	Testing addresses	END	1714193579389
USER	Testing addresses	START	1714193580212
REQUEST		Get All Addresses	1714193580210	1714193580221	OK	 
REQUEST		Get Address by postal code	1714193580214	1714193580221	OK	 
USER	Testing addresses	END	1714193580222
USER	Testing addresses	START	1714193581211
REQUEST		Get All Addresses	1714193581209	1714193581220	OK	 
REQUEST		Get Address by postal code	1714193582223	1714193582230	OK	 
USER	Testing addresses	END	1714193582231
USER	Testing addresses	START	1714193583210
REQUEST		Get All Addresses	1714193583209	1714193583219	OK	 
REQUEST		Get Address by postal code	1714193583222	1714193583226	OK	 
USER	Testing addresses	END	1714193583228
USER	Testing addresses	START	1714193584210
REQUEST		Get All Addresses	1714193584208	1714193584219	OK	 
REQUEST		Get Address by postal code	1714193585222	1714193585229	OK	 
USER	Testing addresses	END	1714193585230
USER	Testing addresses	START	1714193586210
REQUEST		Get All Addresses	1714193586209	1714193586219	OK	 
REQUEST		Get Address by postal code	1714193586221	1714193586224	OK	 
USER	Testing addresses	END	1714193586225
USER	Testing addresses	START	1714193587210
REQUEST		Get All Addresses	1714193587209	1714193587217	OK	 
REQUEST		Get Address by postal code	1714193588221	1714193588228	OK	 
USER	Testing addresses	END	1714193588229
USER	Testing addresses	START	1714193589209
REQUEST		Get All Addresses	1714193589208	1714193589213	OK	 
REQUEST		Get Address by postal code	1714193589219	1714193589221	OK	 
USER	Testing addresses	END	1714193589221
USER	Testing addresses	START	1714193590210
REQUEST		Get All Addresses	1714193590208	1714193590216	OK	 
REQUEST		Get Address by postal code	1714193591214	1714193591221	OK	 
USER	Testing addresses	END	1714193591222
REQUEST		Get Address by postal code	1714193592218	1714193592222	OK	 
USER	Testing addresses	END	1714193592222
